Build started 2015-03-07 11:37:45 PM.
     1>Project "C:\Users\Robert\Documents\GitHub\EngHackW15\EHW15B\EHW15B\EHW15B.vcxproj" on node 2 (Build target(s)).
     1>ClCompile:
         C:\Program Files (x86)\Microsoft Visual Studio 12.0\VC\bin\CL.exe /c /IC:\SFML\include /I"C:\myo-sdk-win-0.8.1\include" /ZI /nologo /W3 /WX- /sdl /Od /Oy- /D WIN32 /D _DEBUG /D _CONSOLE /D _LIB /D _UNICODE /D UNICODE /Gm /EHsc /RTC1 /MDd /GS /fp:precise /Zc:wchar_t /Zc:forScope /Fo"Debug\\" /Fd"Debug\vc120.pdb" /Gd /TP /analyze- /errorReport:prompt Main.cpp
         Main.cpp
     1>c:\users\robert\documents\github\enghackw15\ehw15b\ehw15b\gameengine.h(49): warning C4018: '<=' : signed/unsigned mismatch
     1>c:\users\robert\documents\github\enghackw15\ehw15b\ehw15b\gameengine.h(73): warning C4018: '<=' : signed/unsigned mismatch
     1>c:\users\robert\documents\github\enghackw15\ehw15b\ehw15b\gameengine.h(75): warning C4244: 'argument' : conversion from 'long' to 'float', possible loss of data
     1>c:\users\robert\documents\github\enghackw15\ehw15b\ehw15b\gameengine.h(75): warning C4244: 'argument' : conversion from 'int' to 'float', possible loss of data
       Link:
         C:\Program Files (x86)\Microsoft Visual Studio 12.0\VC\bin\link.exe /ERRORREPORT:PROMPT /OUT:"C:\Users\Robert\Documents\GitHub\EngHackW15\EHW15B\Debug\EHW15B.exe" /INCREMENTAL /NOLOGO /LIBPATH:C:\SFML\lib /LIBPATH:"C:\myo-sdk-win-0.8.1\lib" myo32.lib "sfml-graphics.lib" "sfml-window.lib" "sfml-system.lib" kernel32.lib user32.lib gdi32.lib winspool.lib comdlg32.lib advapi32.lib shell32.lib ole32.lib oleaut32.lib uuid.lib odbc32.lib odbccp32.lib /MANIFEST /MANIFESTUAC:"level='asInvoker' uiAccess='false'" /manifest:embed /DEBUG /PDB:"C:\Users\Robert\Documents\GitHub\EngHackW15\EHW15B\Debug\EHW15B.pdb" /SUBSYSTEM:CONSOLE /TLBID:1 /DYNAMICBASE /NXCOMPAT /IMPLIB:"C:\Users\Robert\Documents\GitHub\EngHackW15\EHW15B\Debug\EHW15B.lib" /MACHINE:X86 Debug\Main.obj
     1>LINK : fatal error LNK1201: error writing to program database 'C:\Users\Robert\Documents\GitHub\EngHackW15\EHW15B\Debug\EHW15B.pdb'; check for insufficient disk space, invalid path, or insufficient privilege
     1>Done Building Project "C:\Users\Robert\Documents\GitHub\EngHackW15\EHW15B\EHW15B\EHW15B.vcxproj" (Build target(s)) -- FAILED.

Build FAILED.

Time Elapsed 00:00:01.31
